#
#model:
#
#<?xml version="1.0" encoding="UTF-8" standalone="no"?><input id="posterior" spec="beast.base.inference.CompoundDistribution">
#    <distribution id="prior" spec="beast.base.inference.CompoundDistribution">
#        <distribution id="CoalescentConstant.t:h1n1pdm_HA" spec="beast.base.evolution.tree.coalescent.Coalescent">
#            <populationModel id="ConstantPopulation.t:h1n1pdm_HA" spec="beast.base.evolution.tree.coalescent.ConstantPopulation">
#                <parameter id="popSize.t:h1n1pdm_HA" lower="0.0" name="popSize" spec="beast.base.inference.parameter.RealParameter">0.3</parameter>
#            </populationModel>
#            <treeIntervals id="TreeIntervals.t:h1n1pdm_HA" spec="beast.base.evolution.tree.TreeIntervals">
#                <tree id="Tree.t:h1n1pdm_HA" spec="beast.base.evolution.tree.Tree">
#                    <trait dateFormat="yyyy-M-dd" id="dateTrait.t:h1n1pdm_HA" spec="beast.base.evolution.tree.TraitSet" traitname="date" value="A/Washington/01/2017|2017-01-06=2017-01-06,A/Arizona/33/2017|2017-05-07=2017-05-07,A/South_Dakota/13/2017|2017-02-18=2017-02-18,A/Seoul/224/2016|2016-02-03=2016-02-03,A/New_Mexico/19/2016|2016-02-28=2016-02-28,A/California/45/2016|2016-02-20=2016-02-20,A/Alaska/07/2017|2017-02-13=2017-02-13,A/Illinois/26/2017|2017-03-16=2017-03-16,A/California/19/2017|2017-01-29=2017-01-29,A/North_Dakota/15/2017|2017-03-19=2017-03-19,A/Arizona/32/2015|2015-12-29=2015-12-29,A/Kansas/14/2016|2016-03-24=2016-03-24,A/Utah/35/2016|2016-04-22=2016-04-22,A/Florida/100/2015|2015-12-20=2015-12-20,A/Nicaragua/6322_06/2015|2015-12-08=2015-12-08,A/Finland/75/2014|2014-02-10=2014-02-10,A/Finland/87/2014|2014-02-14=2014-02-14,A/New_York/WC_LVD_14_021/2014|2014-01-30=2014-01-30,A/Hawaii/67/2014|2014-10-12=2014-10-12,A/New_York/WC_LVD_14_063/2014|2014-02-09=2014-02-09,A/Nepal/VIROAF5/2012|2012-08-26=2012-08-26,A/Bangkok/INS3_681/2012|2012-09-21=2012-09-21,A/Durham/INS3_648/2012|2012-03-08=2012-03-08,A/Nizhnii_Novgorod/CRIE_BLM/2011|2011-01-26=2011-01-26">
#                        <taxa id="TaxonSet.h1n1pdm_HA" spec="beast.base.evolution.alignment.TaxonSet">
#                        </taxa>
#                    </trait>
#                    <taxonset idref="TaxonSet.h1n1pdm_HA"/>
#                </tree>
#            </treeIntervals>
#        </distribution>
#        <distribution id="CoalescentConstant.t:h1n1pdm_NA" spec="beast.base.evolution.tree.coalescent.Coalescent">
#            <populationModel id="ConstantPopulation.t:h1n1pdm_NA" spec="beast.base.evolution.tree.coalescent.ConstantPopulation">
#                <parameter id="popSize.t:h1n1pdm_NA" lower="0.0" name="popSize" spec="beast.base.inference.parameter.RealParameter">0.3</parameter>
#            </populationModel>
#            <treeIntervals id="TreeIntervals.t:h1n1pdm_NA" spec="beast.base.evolution.tree.TreeIntervals">
#                <tree id="Tree.t:h1n1pdm_NA" spec="beast.base.evolution.tree.Tree">
#                    <trait id="dateTrait.t:h1n1pdm_NA" spec="beast.base.evolution.tree.TraitSet" traitname="date" value="">
#                        <taxa id="TaxonSet.h1n1pdm_NA" spec="beast.base.evolution.alignment.TaxonSet">
#                        </taxa>
#                    </trait>
#                    <trait dateFormat="yyyy-M-dd" id="dateTrait.t:h1n1pdm_NA1" spec="beast.base.evolution.tree.TraitSet" taxa="@TaxonSet.h1n1pdm_NA" traitname="date" value="A/Washington/01/2017|2017-01-06=2017-01-06,A/Arizona/33/2017|2017-05-07=2017-05-07,A/South_Dakota/13/2017|2017-02-18=2017-02-18,A/Seoul/224/2016|2016-02-03=2016-02-03,A/New_Mexico/19/2016|2016-02-28=2016-02-28,A/California/45/2016|2016-02-20=2016-02-20,A/Alaska/07/2017|2017-02-13=2017-02-13,A/Illinois/26/2017|2017-03-16=2017-03-16,A/California/19/2017|2017-01-29=2017-01-29,A/North_Dakota/15/2017|2017-03-19=2017-03-19,A/Arizona/32/2015|2015-12-29=2015-12-29,A/Kansas/14/2016|2016-03-24=2016-03-24,A/Utah/35/2016|2016-04-22=2016-04-22,A/Florida/100/2015|2015-12-20=2015-12-20,A/Nicaragua/6322_06/2015|2015-12-08=2015-12-08,A/Finland/75/2014|2014-02-10=2014-02-10,A/Finland/87/2014|2014-02-14=2014-02-14,A/New_York/WC_LVD_14_021/2014|2014-01-30=2014-01-30,A/Hawaii/67/2014|2014-10-12=2014-10-12,A/New_York/WC_LVD_14_063/2014|2014-02-09=2014-02-09,A/Nepal/VIROAF5/2012|2012-08-26=2012-08-26,A/Bangkok/INS3_681/2012|2012-09-21=2012-09-21,A/Durham/INS3_648/2012|2012-03-08=2012-03-08,A/Nizhnii_Novgorod/CRIE_BLM/2011|2011-01-26=2011-01-26"/>
#                    <taxonset idref="TaxonSet.h1n1pdm_NA"/>
#                </tree>
#            </treeIntervals>
#        </distribution>
#        <prior id="ClockPrior.c:h1n1pdm_HA" name="distribution">
#            <parameter id="clockRate.c:h1n1pdm_HA" lower="0.0" name="x" spec="beast.base.inference.parameter.RealParameter">1.0</parameter>
#            <Uniform id="Uniform.0" name="distr" upper="Infinity"/>
#        </prior>
#        <prior id="ClockPrior.c:h1n1pdm_NA" name="distribution">
#            <parameter id="clockRate.c:h1n1pdm_NA" lower="0.0" name="x" spec="beast.base.inference.parameter.RealParameter">1.0</parameter>
#            <Uniform id="Uniform.3" name="distr" upper="Infinity"/>
#        </prior>
#        <prior id="FrequenciesPrior.s:h1n1pdm_HA" name="distribution">
#            <parameter dimension="4" id="freqParameter.s:h1n1pdm_HA" lower="0.0" name="x" spec="beast.base.inference.parameter.RealParameter" upper="1.0">0.25</parameter>
#            <distr id="Dirichlet.0" spec="beast.base.inference.distribution.Dirichlet">
#                <parameter dimension="4" estimate="false" id="RealParameter.4" name="alpha" spec="beast.base.inference.parameter.RealParameter">4.0 4.0 4.0 4.0</parameter>
#            </distr>
#        </prior>
#        <prior id="FrequenciesPrior.s:h1n1pdm_NA" name="distribution">
#            <parameter dimension="4" id="freqParameter.s:h1n1pdm_NA" lower="0.0" name="x" spec="beast.base.inference.parameter.RealParameter" upper="1.0">0.25</parameter>
#            <distr id="Dirichlet.0.h1n1pdm_NA" spec="beast.base.inference.distribution.Dirichlet">
#                <parameter dimension="4" estimate="false" id="RealParameter.4.h1n1pdm_NA" name="alpha" spec="beast.base.inference.parameter.RealParameter">4.0 4.0 4.0 4.0</parameter>
#            </distr>
#        </prior>
#        <prior id="KappaPrior.s:h1n1pdm_HA" name="distribution">
#            <parameter id="kappa.s:h1n1pdm_HA" lower="0.0" name="x" spec="beast.base.inference.parameter.RealParameter">2.0</parameter>
#            <LogNormal id="LogNormalDistributionModel.0" name="distr">
#                <parameter estimate="false" id="RealParameter.2" name="M" spec="beast.base.inference.parameter.RealParameter">1.0</parameter>
#                <parameter estimate="false" id="RealParameter.3" name="S" spec="beast.base.inference.parameter.RealParameter">1.25</parameter>
#            </LogNormal>
#        </prior>
#        <prior id="KappaPrior.s:h1n1pdm_NA" name="distribution">
#            <parameter id="kappa.s:h1n1pdm_NA" lower="0.0" name="x" spec="beast.base.inference.parameter.RealParameter">2.0</parameter>
#            <LogNormal id="LogNormalDistributionModel.0.h1n1pdm_NA" name="distr">
#                <parameter estimate="false" id="RealParameter.2.h1n1pdm_NA" name="M" spec="beast.base.inference.parameter.RealParameter">1.0</parameter>
#                <parameter estimate="false" id="RealParameter.3.h1n1pdm_NA" name="S" spec="beast.base.inference.parameter.RealParameter">1.25</parameter>
#            </LogNormal>
#        </prior>
#        <prior id="PopSizePrior.t:h1n1pdm_HA" name="distribution" x="@popSize.t:h1n1pdm_HA">
#            <OneOnX id="OneOnX.2" name="distr"/>
#        </prior>
#        <prior id="PopSizePrior.t:h1n1pdm_NA" name="distribution" x="@popSize.t:h1n1pdm_NA">
#            <OneOnX id="OneOnX.3" name="distr"/>
#        </prior>
#    </distribution>
#    <distribution id="likelihood" spec="beast.base.inference.CompoundDistribution" useThreads="true">
#        <distribution data="@h1n1pdm_HA" id="treeLikelihood.h1n1pdm_HA" spec="beast.base.evolution.likelihood.ThreadedTreeLikelihood" tree="@Tree.t:h1n1pdm_HA">
#            <siteModel id="SiteModel.s:h1n1pdm_HA" spec="beast.base.evolution.sitemodel.SiteModel">
#                <parameter estimate="false" id="mutationRate.s:h1n1pdm_HA" lower="0.0" name="mutationRate" spec="beast.base.inference.parameter.RealParameter">1.0</parameter>
#                <parameter estimate="false" id="gammaShape.s:h1n1pdm_HA" lower="0.1" name="shape" spec="beast.base.inference.parameter.RealParameter">1.0</parameter>
#                <parameter estimate="false" id="proportionInvariant.s:h1n1pdm_HA" lower="0.0" name="proportionInvariant" spec="beast.base.inference.parameter.RealParameter" upper="1.0">0.0</parameter>
#                <substModel id="hky.s:h1n1pdm_HA" kappa="@kappa.s:h1n1pdm_HA" spec="beast.base.evolution.substitutionmodel.HKY">
#                    <frequencies frequencies="@freqParameter.s:h1n1pdm_HA" id="estimatedFreqs.s:h1n1pdm_HA" spec="beast.base.evolution.substitutionmodel.Frequencies"/>
#                </substModel>
#            </siteModel>
#            <branchRateModel clock.rate="@clockRate.c:h1n1pdm_HA" id="StrictClock.c:h1n1pdm_HA" spec="beast.base.evolution.branchratemodel.StrictClockModel"/>
#        </distribution>
#        <distribution data="@h1n1pdm_NA" id="treeLikelihood.h1n1pdm_NA" spec="beast.base.evolution.likelihood.ThreadedTreeLikelihood" tree="@Tree.t:h1n1pdm_NA">
#            <siteModel id="SiteModel.s:h1n1pdm_NA" spec="beast.base.evolution.sitemodel.SiteModel">
#                <parameter estimate="false" id="mutationRate.s:h1n1pdm_NA" lower="0.0" name="mutationRate" spec="beast.base.inference.parameter.RealParameter">1.0</parameter>
#                <parameter estimate="false" id="gammaShape.s:h1n1pdm_NA" lower="0.1" name="shape" spec="beast.base.inference.parameter.RealParameter">1.0</parameter>
#                <parameter estimate="false" id="proportionInvariant.s:h1n1pdm_NA" lower="0.0" name="proportionInvariant" spec="beast.base.inference.parameter.RealParameter" upper="1.0">0.0</parameter>
#                <substModel id="hky.s:h1n1pdm_NA" kappa="@kappa.s:h1n1pdm_NA" spec="beast.base.evolution.substitutionmodel.HKY">
#                    <frequencies frequencies="@freqParameter.s:h1n1pdm_NA" id="estimatedFreqs.s:h1n1pdm_NA" spec="beast.base.evolution.substitutionmodel.Frequencies"/>
#                </substModel>
#            </siteModel>
#            <branchRateModel clock.rate="@clockRate.c:h1n1pdm_NA" id="StrictClock.c:h1n1pdm_NA" spec="beast.base.evolution.branchratemodel.StrictClockModel"/>
#        </distribution>
#    </distribution>
#</input>
#
Sample	posterior	likelihood	prior	treeLikelihood.HA	treeLikelihood.NA	Tree.HA.height	Tree.HA.treeLength	Tree.NA.height	Tree.NA.treeLength	clockRate.HA	clockRate.NA	kappa.HA	kappa.NA	freqParameter.HA.1	freqParameter.HA.2	freqParameter.HA.3	freqParameter.HA.4	freqParameter.NA.1	freqParameter.NA.2	freqParameter.NA.3	freqParameter.NA.4	popSize.HA	popSize.NA	CoalescentConstant.HA	CoalescentConstant.NA
0	-51361.69008152796	-51267.21544124631	-94.47464028164399	-26794.342378795376	-24472.873062450937	6.312399576343649	17.524419337640264	7.49072345756427	20.618252172141695	1.0	1.0	2.0	2.0	0.25	0.25	0.25	0.25	0.25	0.25	0.25	0.25	0.3	0.3	-45.94446402441332	-55.400804144913955
